2012-05-03 23:04:17,449 [10] ?.lambda_method(:0) - NHibernate 3.2.0.4000 (3.2.0.4000)

2012-05-03 23:04:17,499 [10] ?.lambda_method(:0) - hibernate-configuration section not found in application configuration file

2012-05-03 23:04:17,500 [10] ?.lambda_method(:0) - Bytecode provider name : lcg

2012-05-03 23:04:17,501 [10] ?.lambda_method(:0) - Using reflection optimizer

2012-05-03 23:04:17,509 [10] ?.lambda_method(:0) - No mapped documents found in assembly: Demo.Domain, Version=1.0.0.0, Culture=neutral, PublicKeyToken=null

2012-05-03 23:04:17,734 [10] ?.lambda_method(:0) - Using dialect: NHibernate.Dialect.MsSql2008Dialect

2012-05-03 23:04:17,800 [10] ?.lambda_method(:0) - Mapping class: Demo.Domain.BookShelf -> Book_Shelf

2012-05-03 23:04:17,878 [10] ?.lambda_method(:0) - checking mappings queue

2012-05-03 23:04:17,879 [10] ?.lambda_method(:0) - processing one-to-many association mappings

2012-05-03 23:04:17,879 [10] ?.lambda_method(:0) - processing one-to-one association property references

2012-05-03 23:04:17,880 [10] ?.lambda_method(:0) - processing foreign key constraints

2012-05-03 23:04:17,883 [10] ?.lambda_method(:0) - processing filters (second pass)

2012-05-03 23:04:17,908 [10] ?.lambda_method(:0) - checking mappings queue

2012-05-03 23:04:17,908 [10] ?.lambda_method(:0) - processing one-to-many association mappings

2012-05-03 23:04:17,909 [10] ?.lambda_method(:0) - processing one-to-one association property references

2012-05-03 23:04:17,909 [10] ?.lambda_method(:0) - processing foreign key constraints

2012-05-03 23:04:17,909 [10] ?.lambda_method(:0) - processing filters (second pass)

2012-05-03 23:04:17,951 [10] ?.lambda_method(:0) - checking mappings queue

2012-05-03 23:04:17,951 [10] ?.lambda_method(:0) - processing one-to-many association mappings

2012-05-03 23:04:17,951 [10] ?.lambda_method(:0) - processing one-to-one association property references

2012-05-03 23:04:17,951 [10] ?.lambda_method(:0) - processing foreign key constraints

2012-05-03 23:04:17,952 [10] ?.lambda_method(:0) - processing filters (second pass)

2012-05-03 23:04:17,954 [10] ?.lambda_method(:0) - Using dialect: NHibernate.Dialect.MsSql2008Dialect

2012-05-03 23:04:17,967 [10] ?.lambda_method(:0) - Using dialect: NHibernate.Dialect.MsSql2008Dialect

2012-05-03 23:04:18,002 [10] ?.lambda_method(:0) - Using dialect defined converter

2012-05-03 23:04:18,003 [10] ?.lambda_method(:0) - Generate SQL with comments: disabled

2012-05-03 23:04:18,004 [10] ?.lambda_method(:0) - Configuring ConnectionProvider

2012-05-03 23:04:18,009 [10] ?.lambda_method(:0) - Transaction factory: NHibernate.Transaction.AdoNetWithDistributedTransactionFactory

2012-05-03 23:04:18,010 [10] ?.lambda_method(:0) - Optimize cache for minimal puts: False

2012-05-03 23:04:18,010 [10] ?.lambda_method(:0) - Connection release mode: auto

2012-05-03 23:04:18,010 [10] ?.lambda_method(:0) - Default batch fetch size: 1

2012-05-03 23:04:18,011 [10] ?.lambda_method(:0) - Statistics: disabled

2012-05-03 23:04:18,011 [10] ?.lambda_method(:0) - Deleted entity synthetic identifier rollback: disabled

2012-05-03 23:04:18,012 [10] ?.lambda_method(:0) - Query translator: NHibernate.Hql.Ast.ANTLR.ASTQueryTranslatorFactory

2012-05-03 23:04:18,015 [10] ?.lambda_method(:0) - Query language substitutions: {'true'='1', 'false'='0', 'yes'=''Y'', 'no'=''N''}

2012-05-03 23:04:18,015 [10] ?.lambda_method(:0) - cache provider: NHibernate.Cache.NoCacheProvider, NHibernate, Version=3.2.0.4000, Culture=neutral, PublicKeyToken=aa95f207798dfdb4

2012-05-03 23:04:18,016 [10] ?.lambda_method(:0) - Order SQL inserts for batching: enabled

2012-05-03 23:04:18,017 [10] ?.lambda_method(:0) - Batcher factory: NHibernate.AdoNet.SqlClientBatchingBatcherFactory, NHibernate, Version=3.2.0.4000, Culture=neutral, PublicKeyToken=aa95f207798dfdb4

2012-05-03 23:04:18,018 [10] ?.lambda_method(:0) - Default entity-mode: Poco

2012-05-03 23:04:18,018 [10] ?.lambda_method(:0) - Named query checking : enabled

2012-05-03 23:04:18,045 [10] ?.lambda_method(:0) - building session factory

2012-05-03 23:04:18,367 [10] ?.lambda_method(:0) - no name configured

2012-05-03 23:04:19,081 [10] ?.lambda_method(:0) - select bookshelf0_.BookID as BookID0_, bookshelf0_.BookName as BookName0_ from Book_Shelf bookshelf0_

2012-05-03 23:04:28,108 [11] ?.lambda_method(:0) - select bookshelf0_.BookID as BookID0_, bookshelf0_.BookName as BookName0_ from Book_Shelf bookshelf0_

